yarn run v1.22.22
warning package.json: No license field
$ next build
   ▲ Next.js 15.3.3

   Creating an optimized production build ...
Failed to compile.

app/layout.tsx
An error occurred in `next/font`.

Error: Cannot find module '@tailwindcss/postcss'
Require stack:
- /Users/umi/eTamil/google-run/strapi-frontrun/frontrun/node_modules/next/dist/build/webpack/config/blocks/css/plugins.js
- /Users/umi/eTamil/google-run/strapi-frontrun/frontrun/node_modules/next/dist/build/webpack/config/blocks/css/index.js
- /Users/umi/eTamil/google-run/strapi-frontrun/frontrun/node_modules/next/dist/build/webpack/config/index.js
- /Users/umi/eTamil/google-run/strapi-frontrun/frontrun/node_modules/next/dist/build/webpack-config.js
- /Users/umi/eTamil/google-run/strapi-frontrun/frontrun/node_modules/next/dist/build/webpack-build/impl.js
- /Users/umi/eTamil/google-run/strapi-frontrun/frontrun/node_modules/next/dist/compiled/jest-worker/processChild.js
    at Module._resolveFilename (node:internal/modules/cjs/loader:1212:15)
    at /Users/umi/eTamil/google-run/strapi-frontrun/frontrun/node_modules/next/dist/server/require-hook.js:55:36
    at Function.resolve (node:internal/modules/helpers:193:19)
    at loadPlugin (/Users/umi/eTamil/google-run/strapi-frontrun/frontrun/node_modules/next/dist/build/webpack/config/blocks/css/plugins.js:53:32)
    at /Users/umi/eTamil/google-run/strapi-frontrun/frontrun/node_modules/next/dist/build/webpack/config/blocks/css/plugins.js:185:56
    at Array.map (<anonymous>)
    at getPostCssPlugins (/Users/umi/eTamil/google-run/strapi-frontrun/frontrun/node_modules/next/dist/build/webpack/config/blocks/css/plugins.js:185:47)
    at async /Users/umi/eTamil/google-run/strapi-frontrun/frontrun/node_modules/next/dist/build/webpack/config/blocks/css/index.js:125:36
    at async /Users/umi/eTamil/google-run/strapi-frontrun/frontrun/node_modules/next/dist/build/webpack/loaders/next-font-loader/index.js:94:33
    at async Span.traceAsyncFn (/Users/umi/eTamil/google-run/strapi-frontrun/frontrun/node_modules/next/dist/trace/trace.js:157:20)

app/layout.tsx
An error occurred in `next/font`.

Error: Cannot find module '@tailwindcss/postcss'
Require stack:
- /Users/umi/eTamil/google-run/strapi-frontrun/frontrun/node_modules/next/dist/build/webpack/config/blocks/css/plugins.js
- /Users/umi/eTamil/google-run/strapi-frontrun/frontrun/node_modules/next/dist/build/webpack/config/blocks/css/index.js
- /Users/umi/eTamil/google-run/strapi-frontrun/frontrun/node_modules/next/dist/build/webpack/config/index.js
- /Users/umi/eTamil/google-run/strapi-frontrun/frontrun/node_modules/next/dist/build/webpack-config.js
- /Users/umi/eTamil/google-run/strapi-frontrun/frontrun/node_modules/next/dist/build/webpack-build/impl.js
- /Users/umi/eTamil/google-run/strapi-frontrun/frontrun/node_modules/next/dist/compiled/jest-worker/processChild.js
    at Module._resolveFilename (node:internal/modules/cjs/loader:1212:15)
    at /Users/umi/eTamil/google-run/strapi-frontrun/frontrun/node_modules/next/dist/server/require-hook.js:55:36
    at Function.resolve (node:internal/modules/helpers:193:19)
    at loadPlugin (/Users/umi/eTamil/google-run/strapi-frontrun/frontrun/node_modules/next/dist/build/webpack/config/blocks/css/plugins.js:53:32)
    at /Users/umi/eTamil/google-run/strapi-frontrun/frontrun/node_modules/next/dist/build/webpack/config/blocks/css/plugins.js:185:56
    at Array.map (<anonymous>)
    at getPostCssPlugins (/Users/umi/eTamil/google-run/strapi-frontrun/frontrun/node_modules/next/dist/build/webpack/config/blocks/css/plugins.js:185:47)
    at async /Users/umi/eTamil/google-run/strapi-frontrun/frontrun/node_modules/next/dist/build/webpack/config/blocks/css/index.js:125:36
    at async /Users/umi/eTamil/google-run/strapi-frontrun/frontrun/node_modules/next/dist/build/webpack/loaders/next-font-loader/index.js:94:33
    at async Span.traceAsyncFn (/Users/umi/eTamil/google-run/strapi-frontrun/frontrun/node_modules/next/dist/trace/trace.js:157:20)

./components/ui/button.tsx
Module not found: Can't resolve '@radix-ui/react-slot'

https://nextjs.org/docs/messages/module-not-found

Import trace for requested module:
./app/page.tsx

./components/ui/label.tsx
Module not found: Can't resolve '@radix-ui/react-label'

https://nextjs.org/docs/messages/module-not-found

Import trace for requested module:
./app/page.tsx


> Build failed because of webpack errors
error Command failed with exit code 1.
info Visit https://yarnpkg.com/en/docs/cli/run for documentation about this command.
